#
# A fatal error has been detected by the Java Runtime Environment:
#
#  SIGSEGV (0xb) at pc=0x00007f4ff101e977, pid=188077, tid=188079
#
# JRE version: OpenJDK Runtime Environment (11.0.24+8) (build 11.0.24+8-post-Ubuntu-1ubuntu322.04)
# Java VM: OpenJDK 64-Bit Server VM (11.0.24+8-post-Ubuntu-1ubuntu322.04, mixed mode, sharing, tiered, compressed oops, g1 gc, linux-amd64)
# Problematic frame:
# C  [libc.so.6+0x1a0977]
#
# Core dump will be written. Default location: Core dumps may be processed with "/lib/systemd/systemd-coredump %P %u %g %s %t 9223372036854775808 %h" (or dumping to /home/timothy/Courses/Project/Honors_Project/core.188077)
#
# If you would like to submit a bug report, please visit:
#   https://bugs.launchpad.net/ubuntu/+source/openjdk-lts
# The crash happened outside the Java Virtual Machine in native code.
# See problematic frame for where to report the bug.
#

---------------  S U M M A R Y ------------

Command Line: SharedMemoryPingPong Ping 20

Host: 12th Gen Intel(R) Core(TM) i5-12400, 12 cores, 15G, Linux Mint 21.3 Virginia
Time: Fri Oct 11 11:43:05 2024 SAST elapsed time: 0.037276 seconds (0d 0h 0m 0s)

---------------  T H R E A D  ---------------

Current thread (0x00007f4fe8015800):  JavaThread "main" [_thread_in_native, id=188079, stack(0x00007f4fef776000,0x00007f4fef876000)]

Stack: [0x00007f4fef776000,0x00007f4fef876000],  sp=0x00007f4fef874668,  free space=1017k
Native frames: (J=compiled Java code, A=aot compiled Java code, j=interpreted, Vv=VM code, C=native code)
C  [libc.so.6+0x1a0977]
j  SharedMemoryChannel.sendMsg(IILjava/nio/ByteBuffer;II)I+0
j  SharedMemoryChannel.write([B)V+17
j  SharedMemoryPingPong.synchronize()V+23
j  SharedMemoryPingPong.playSimulation(I)V+1
j  SharedMemoryPingPong.main([Ljava/lang/String;)V+37
v  ~StubRoutines::call_stub
V  [libjvm.so+0x878d63]  JavaCalls::call_helper(JavaValue*, methodHandle const&, JavaCallArguments*, Thread*)+0x373
V  [libjvm.so+0x8fd12a]  jni_invoke_static(JNIEnv_*, JavaValue*, _jobject*, JNICallType, _jmethodID*, JNI_ArgumentPusher*, Thread*) [clone .constprop.1]+0x2aa
V  [libjvm.so+0x8ff800]  jni_CallStaticVoidMethod+0x160
C  [libjli.so+0x59f1]  JavaMain+0xd71
C  [libjli.so+0x99bd]  ThreadJavaMain+0xd

Java frames: (J=compiled Java code, j=interpreted, Vv=VM code)
j  SharedMemoryChannel.sendMsg(IILjava/nio/ByteBuffer;II)I+0
j  SharedMemoryChannel.write([B)V+17
j  SharedMemoryPingPong.synchronize()V+23
j  SharedMemoryPingPong.playSimulation(I)V+1
j  SharedMemoryPingPong.main([Ljava/lang/String;)V+37
v  ~StubRoutines::call_stub

siginfo: si_signo: 11 (SIGSEGV), si_code: 1 (SEGV_MAPERR), si_addr: 0xfffffffff1124020

Register to memory mapping:

RAX=0xfffffffff1124000 is an unknown value
RBX={method} {0x00007f4fbdc01a98} 'sendMsg' '(IILjava/nio/ByteBuffer;II)I' in 'SharedMemoryChannel'
RCX=0xfffffffff1124000 is an unknown value
RDX=0xfffffffff1124380 is an unknown value
RSP=0x00007f4fef874668 is pointing into the stack for thread: 0x00007f4fe8015800
RBP=0x00007f4fef8746c0 is pointing into the stack for thread: 0x00007f4fe8015800
RSI=0x00007f4fe8243540 points into unknown readable memory: 0x0000000000000000 | 00 00 00 00 00 00 00 00
RDI=0xfffffffff1124020 is an unknown value
R8 =0x0 is NULL
R9 =0x0000000719754220 points into unknown readable memory: 0x0000000000000005 | 05 00 00 00 00 00 00 00
R10=0x00007f4ff0e8ff10: <offset 0x0000000000011f10> in /lib/x86_64-linux-gnu/libc.so.6 at 0x00007f4ff0e7e000
R11=0x00007f4ff101e7c0: <offset 0x00000000001a07c0> in /lib/x86_64-linux-gnu/libc.so.6 at 0x00007f4ff0e7e000
R12=0x0 is NULL
R13={method} {0x00007f4fbdc01a98} 'sendMsg' '(IILjava/nio/ByteBuffer;II)I' in 'SharedMemoryChannel'
R14=0x00007f4fef874798 is pointing into the stack for thread: 0x00007f4fe8015800
R15=0x00007f4fe8015800 is a thread


Registers:
RAX=0xfffffffff1124000, RBX=0x00007f4fbdc01a98, RCX=0xfffffffff1124000, RDX=0xfffffffff1124380
RSP=0x00007f4fef874668, RBP=0x00007f4fef8746c0, RSI=0x00007f4fe8243540, RDI=0xfffffffff1124020
R8 =0x0000000000000000, R9 =0x0000000719754220, R10=0x00007f4ff0e8ff10, R11=0x00007f4ff101e7c0
R12=0x0000000000000000, R13=0x00007f4fbdc01a98, R14=0x00007f4fef874798, R15=0x00007f4fe8015800
RIP=0x00007f4ff101e977, EFLAGS=0x0000000000010203, CSGSFS=0x002b000000000033, ERR=0x0000000000000007
  TRAPNO=0x000000000000000e

Top of Stack: (sp=0x00007f4fef874668)
0x00007f4fef874668:   00007f4fec0d6646 00007f4fef874770
0x00007f4fef874678:   00000000d07eaeb2 00007f4fef874780
0x00007f4fef874688:   f112400000000003 00007f4fef874798
0x00007f4fef874698:   00007f4fe8015b50 0000ffff00000000 

Instructions: (pc=0x00007f4ff101e977)
0x00007f4ff101e877:   2e 0f 1f 84 00 00 00 00 00 48 3b 15 71 9b 07 00
0x00007f4ff101e887:   0f 87 f3 01 00 00 48 81 fa 00 01 00 00 77 5f c5
0x00007f4ff101e897:   fe 6f 4e 20 48 81 fa 80 00 00 00 76 ad c5 fe 6f
0x00007f4ff101e8a7:   56 40 c5 fe 6f 5e 60 c5 fe 6f 64 16 e0 c5 fe 6f
0x00007f4ff101e8b7:   6c 16 c0 c5 fe 6f 74 16 a0 c5 fe 6f 7c 16 80 c5
0x00007f4ff101e8c7:   fe 7f 07 c5 fe 7f 4f 20 c5 fe 7f 57 40 c5 fe 7f
0x00007f4ff101e8d7:   5f 60 c5 fe 7f 64 17 e0 c5 fe 7f 6c 17 c0 c5 fe
0x00007f4ff101e8e7:   7f 74 17 a0 c5 fe 7f 7c 17 80 c5 f8 77 c3 48 89
0x00007f4ff101e8f7:   f9 48 29 f1 48 39 d1 0f 82 ac 00 00 00 48 3b 15
0x00007f4ff101e907:   9d 0c 08 00 0f 87 dc 01 00 00 4c 8d 04 11 49 31
0x00007f4ff101e917:   c8 49 c1 e8 3f 81 e1 00 0f 00 00 44 01 c1 0f 84
0x00007f4ff101e927:   8a 00 00 00 c5 fe 6f 6c 16 e0 c5 fe 6f 74 16 c0
0x00007f4ff101e937:   48 89 f9 48 83 cf 1f c5 fe 6f 7c 16 a0 c5 7e 6f
0x00007f4ff101e947:   44 16 80 48 29 ce 48 ff c7 48 01 fe 48 8d 54 11
0x00007f4ff101e957:   80 0f 1f 84 00 00 00 00 00 c5 fe 6f 0e c5 fe 6f
0x00007f4ff101e967:   56 20 c5 fe 6f 5e 40 c5 fe 6f 66 60 48 83 ee 80
0x00007f4ff101e977:   c5 fd 7f 0f c5 fd 7f 57 20 c5 fd 7f 5f 40 c5 fd
0x00007f4ff101e987:   7f 67 60 48 83 ef 80 48 39 fa 77 cd c5 fe 7f 6a
0x00007f4ff101e997:   60 c5 fe 7f 72 40 c5 fe 7f 7a 20 c5 7e 7f 02 c5
0x00007f4ff101e9a7:   fe 7f 01 c5 f8 77 c3 66 90 48 85 c9 74 f5 c5 fe
0x00007f4ff101e9b7:   6f 6e 20 c5 fe 6f 76 40 48 8d 8c 17 7f ff ff ff
0x00007f4ff101e9c7:   c5 fe 6f 7e 60 c5 7e 6f 44 16 e0 48 29 fe 48 83
0x00007f4ff101e9d7:   e1 e0 48 01 ce 0f 1f 40 00 c5 fe 6f 4e 60 c5 fe
0x00007f4ff101e9e7:   6f 56 40 c5 fe 6f 5e 20 c5 fe 6f 26 48 83 c6 80
0x00007f4ff101e9f7:   c5 fd 7f 49 60 c5 fd 7f 51 40 c5 fd 7f 59 20 c5
0x00007f4ff101ea07:   fd 7f 21 48 83 c1 80 48 39 cf 72 cd c5 fe 7f 07
0x00007f4ff101ea17:   c5 fe 7f 6f 20 c5 fe 7f 77 40 c5 fe 7f 7f 60 c5
0x00007f4ff101ea27:   7e 7f 44 3a e0 c5 f8 77 c3 66 66 2e 0f 1f 84 00
0x00007f4ff101ea37:   00 00 00 00 0f 1f 44 00 00 c5 fe 6f 4e 20 f7 c1
0x00007f4ff101ea47:   00 0e 00 00 75 68 49 89 c9 48 8d 4c 16 ff 48 83
0x00007f4ff101ea57:   ce 3f 4a 8d 7c 0e 01 48 29 f1 48 ff c6 f3 a4 c4
0x00007f4ff101ea67:   c1 7e 7f 00 c4 c1 7e 7f 48 20 c5 f8 77 c3 66 66 


Stack slot to memory mapping:
stack at sp + 0 slots: 0x00007f4fec0d6646: Java_SharedMemoryChannel_sendMsg+0x0000000000000120 in /home/timothy/Courses/Project/Honors_Project/libLinuxNIPC_shm.so at 0x00007f4fec0d5000
stack at sp + 1 slots: 0x00007f4fef874770 is pointing into the stack for thread: 0x00007f4fe8015800
stack at sp + 2 slots: 0x00000000d07eaeb2 is an unknown value
stack at sp + 3 slots: 0x00007f4fef874780 is pointing into the stack for thread: 0x00007f4fe8015800
stack at sp + 4 slots: 0xf112400000000003 is an unknown value
stack at sp + 5 slots: 0x00007f4fef874798 is pointing into the stack for thread: 0x00007f4fe8015800
stack at sp + 6 slots: 0x00007f4fe8015b50 points into unknown readable memory: 0x00007f4ff0df0b60 | 60 0b df f0 4f 7f 00 00
stack at sp + 7 slots: 0x0000ffff00000000 is an unknown value


---------------  P R O C E S S  ---------------

Threads class SMR info:
_java_thread_list=0x00007f4fe823fb80, length=9, elements={
0x00007f4fe8015800, 0x00007f4fe81d3800, 0x00007f4fe81d5800, 0x00007f4fe81db000,
0x00007f4fe81dd000, 0x00007f4fe81df000, 0x00007f4fe81e1000, 0x00007f4fe81e3000,
0x00007f4fe823e800
}

Java Threads: ( => current thread )
=>0x00007f4fe8015800 JavaThread "main" [_thread_in_native, id=188079, stack(0x00007f4fef776000,0x00007f4fef876000)]
  0x00007f4fe81d3800 JavaThread "Reference Handler" daemon [_thread_blocked, id=188086, stack(0x00007f4fec0da000,0x00007f4fec1da000)]
  0x00007f4fe81d5800 JavaThread "Finalizer" daemon [_thread_blocked, id=188087, stack(0x00007f4fd06cf000,0x00007f4fd07cf000)]
  0x00007f4fe81db000 JavaThread "Signal Dispatcher" daemon [_thread_blocked, id=188088, stack(0x00007f4fd005c000,0x00007f4fd015c000)]
  0x00007f4fe81dd000 JavaThread "Service Thread" daemon [_thread_blocked, id=188089, stack(0x00007f4fc4410000,0x00007f4fc4510000)]
  0x00007f4fe81df000 JavaThread "C2 CompilerThread0" daemon [_thread_blocked, id=188090, stack(0x00007f4fc4310000,0x00007f4fc4410000)]
  0x00007f4fe81e1000 JavaThread "C1 CompilerThread0" daemon [_thread_blocked, id=188091, stack(0x00007f4fc4210000,0x00007f4fc4310000)]
  0x00007f4fe81e3000 JavaThread "Sweeper thread" daemon [_thread_blocked, id=188092, stack(0x00007f4fc4110000,0x00007f4fc4210000)]
  0x00007f4fe823e800 JavaThread "Common-Cleaner" daemon [_thread_blocked, id=188094, stack(0x00007f4fbd700000,0x00007f4fbd800000)]

Other Threads:
  0x00007f4fe81d0800 VMThread "VM Thread" [stack: 0x00007f4fec1db000,0x00007f4fec2db000] [id=188085]
  0x00007f4fe823c000 WatcherThread [stack: 0x00007f4fc4010000,0x00007f4fc4110000] [id=188093]
  0x00007f4fe802f000 GCTaskThread "GC Thread#0" [stack: 0x00007f4fef445000,0x00007f4fef545000] [id=188080]
  0x00007f4fe808c800 ConcurrentGCThread "G1 Main Marker" [stack: 0x00007f4fed12f000,0x00007f4fed22f000] [id=188081]
  0x00007f4fe808e000 ConcurrentGCThread "G1 Conc#0" [stack: 0x00007f4fed02e000,0x00007f4fed12e000] [id=188082]
  0x00007f4fe8192800 ConcurrentGCThread "G1 Refine#0" [stack: 0x00007f4fec523000,0x00007f4fec623000] [id=188083]
  0x00007f4fe8194800 ConcurrentGCThread "G1 Young RemSet Sampling" [stack: 0x00007f4fec422000,0x00007f4fec522000] [id=188084]

Threads with active compile tasks:

VM state:not at safepoint (normal execution)

VM Mutex/Monitor currently owned by a thread: None

Heap address: 0x000000070a200000, size: 3934 MB, Compressed Oops mode: Zero based, Oop shift amount: 3
Narrow klass base: 0x0000000800000000, Narrow klass shift: 3
Compressed class space size: 1073741824 Address: 0x0000000840000000

Heap:
 garbage-first heap   total 253952K, used 720K [0x000000070a200000, 0x0000000800000000)
  region size 1024K, 1 young (1024K), 0 survivors (0K)
 Metaspace       used 179K, capacity 4494K, committed 4864K, reserved 1056768K
  class space    used 7K, capacity 386K, committed 512K, reserved 1048576K
Heap Regions: E=young(eden), S=young(survivor), O=old, HS=humongous(starts), HC=humongous(continues), CS=collection set, F=free, A=archive, TAMS=top-at-mark-start (previous, next)
|   0|0x000000070a200000, 0x000000070a200000, 0x000000070a300000|  0%| F|  |TAMS 0x000000070a200000, 0x000000070a200000| Untracked 
|   1|0x000000070a300000, 0x000000070a300000, 0x000000070a400000|  0%| F|  |TAMS 0x000000070a300000, 0x000000070a300000| Untracked 
|   2|0x000000070a400000, 0x000000070a400000, 0x000000070a500000|  0%| F|  |TAMS 0x000000070a400000, 0x000000070a400000| Untracked 
|   3|0x000000070a500000, 0x000000070a500000, 0x000000070a600000|  0%| F|  |TAMS 0x000000070a500000, 0x000000070a500000| Untracked 
|   4|0x000000070a600000, 0x000000070a600000, 0x000000070a700000|  0%| F|  |TAMS 0x000000070a600000, 0x000000070a600000| Untracked 
|   5|0x000000070a700000, 0x000000070a700000, 0x000000070a800000|  0%| F|  |TAMS 0x000000070a700000, 0x000000070a700000| Untracked 
|   6|0x000000070a800000, 0x000000070a800000, 0x000000070a900000|  0%| F|  |TAMS 0x000000070a800000, 0x000000070a800000| Untracked 
|   7|0x000000070a900000, 0x000000070a900000, 0x000000070aa00000|  0%| F|  |TAMS 0x000000070a900000, 0x000000070a900000| Untracked 
|   8|0x000000070aa00000, 0x000000070aa00000, 0x000000070ab00000|  0%| F|  |TAMS 0x000000070aa00000, 0x000000070aa00000| Untracked 
|   9|0x000000070ab00000, 0x000000070ab00000, 0x000000070ac00000|  0%| F|  |TAMS 0x000000070ab00000, 0x000000070ab00000| Untracked 
|  10|0x000000070ac00000, 0x000000070ac00000, 0x000000070ad00000|  0%| F|  |TAMS 0x000000070ac00000, 0x000000070ac00000| Untracked 
|  11|0x000000070ad00000, 0x000000070ad00000, 0x000000070ae00000|  0%| F|  |TAMS 0x000000070ad00000, 0x000000070ad00000| Untracked 
|  12|0x000000070ae00000, 0x000000070ae00000, 0x000000070af00000|  0%| F|  |TAMS 0x000000070ae00000, 0x000000070ae00000| Untracked 
|  13|0x000000070af00000, 0x000000070af00000, 0x000000070b000000|  0%| F|  |TAMS 0x000000070af00000, 0x000000070af00000| Untracked 
|  14|0x000000070b000000, 0x000000070b000000, 0x000000070b100000|  0%| F|  |TAMS 0x000000070b000000, 0x000000070b000000| Untracked 
|  15|0x000000070b100000, 0x000000070b100000, 0x000000070b200000|  0%| F|  |TAMS 0x000000070b100000, 0x000000070b100000| Untracked 
|  16|0x000000070b200000, 0x000000070b200000, 0x000000070b300000|  0%| F|  |TAMS 0x000000070b200000, 0x000000070b200000| Untracked 
|  17|0x000000070b300000, 0x000000070b300000, 0x000000070b400000|  0%| F|  |TAMS 0x000000070b300000, 0x000000070b300000| Untracked 
|  18|0x000000070b400000, 0x000000070b400000, 0x000000070b500000|  0%| F|  |TAMS 0x000000070b400000, 0x000000070b400000| Untracked 
|  19|0x000000070b500000, 0x000000070b500000, 0x000000070b600000|  0%| F|  |TAMS 0x000000070b500000, 0x000000070b500000| Untracked 
|  20|0x000000070b600000, 0x000000070b600000, 0x000000070b700000|  0%| F|  |TAMS 0x000000070b600000, 0x000000070b600000| Untracked 
|  21|0x000000070b700000, 0x000000070b700000, 0x000000070b800000|  0%| F|  |TAMS 0x000000070b700000, 0x000000070b700000| Untracked 
|  22|0x000000070b800000, 0x000000070b800000, 0x000000070b900000|  0%| F|  |TAMS 0x000000070b800000, 0x000000070b800000| Untracked 
|  23|0x000000070b900000, 0x000000070b900000, 0x000000070ba00000|  0%| F|  |TAMS 0x000000070b900000, 0x000000070b900000| Untracked 
|  24|0x000000070ba00000, 0x000000070ba00000, 0x000000070bb00000|  0%| F|  |TAMS 0x000000070ba00000, 0x000000070ba00000| Untracked 
|  25|0x000000070bb00000, 0x000000070bb00000, 0x000000070bc00000|  0%| F|  |TAMS 0x000000070bb00000, 0x000000070bb00000| Untracked 
|  26|0x000000070bc00000, 0x000000070bc00000, 0x000000070bd00000|  0%| F|  |TAMS 0x000000070bc00000, 0x000000070bc00000| Untracked 
|  27|0x000000070bd00000, 0x000000070bd00000, 0x000000070be00000|  0%| F|  |TAMS 0x000000070bd00000, 0x000000070bd00000| Untracked 
|  28|0x000000070be00000, 0x000000070be00000, 0x000000070bf00000|  0%| F|  |TAMS 0x000000070be00000, 0x000000070be00000| Untracked 
|  29|0x000000070bf00000, 0x000000070bf00000, 0x000000070c000000|  0%| F|  |TAMS 0x000000070bf00000, 0x000000070bf00000| Untracked 
|  30|0x000000070c000000, 0x000000070c000000, 0x000000070c100000|  0%| F|  |TAMS 0x000000070c000000, 0x000000070c000000| Untracked 
|  31|0x000000070c100000, 0x000000070c100000, 0x000000070c200000|  0%| F|  |TAMS 0x000000070c100000, 0x000000070c100000| Untracked 
|  32|0x000000070c200000, 0x000000070c200000, 0x000000070c300000|  0%| F|  |TAMS 0x000000070c200000, 0x000000070c200000| Untracked 
|  33|0x000000070c300000, 0x000000070c300000, 0x000000070c400000|  0%| F|  |TAMS 0x000000070c300000, 0x000000070c300000| Untracked 
|  34|0x000000070c400000, 0x000000070c400000, 0x000000070c500000|  0%| F|  |TAMS 0x000000070c400000, 0x000000070c400000| Untracked 
|  35|0x000000070c500000, 0x000000070c500000, 0x000000070c600000|  0%| F|  |TAMS 0x000000070c500000, 0x000000070c500000| Untracked 
|  36|0x000000070c600000, 0x000000070c600000, 0x000000070c700000|  0%| F|  |TAMS 0x000000070c600000, 0x000000070c600000| Untracked 
|  37|0x000000070c700000, 0x000000070c700000, 0x000000070c800000|  0%| F|  |TAMS 0x000000070c700000, 0x000000070c700000| Untracked 
|  38|0x000000070c800000, 0x000000070c800000, 0x000000070c900000|  0%| F|  |TAMS 0x000000070c800000, 0x000000070c800000| Untracked 
|  39|0x000000070c900000, 0x000000070c900000, 0x000000070ca00000|  0%| F|  |TAMS 0x000000070c900000, 0x000000070c900000| Untracked 
|  40|0x000000070ca00000, 0x000000070ca00000, 0x000000070cb00000|  0%| F|  |TAMS 0x000000070ca00000, 0x000000070ca00000| Untracked 
|  41|0x000000070cb00000, 0x000000070cb00000, 0x000000070cc00000|  0%| F|  |TAMS 0x000000070cb00000, 0x000000070cb00000| Untracked 
|  42|0x000000070cc00000, 0x000000070cc00000, 0x000000070cd00000|  0%| F|  |TAMS 0x000000070cc00000, 0x000000070cc00000| Untracked 
|  43|0x000000070cd00000, 0x000000070cd00000, 0x000000070ce00000|  0%| F|  |TAMS 0x000000070cd00000, 0x000000070cd00000| Untracked 
|  44|0x000000070ce00000, 0x000000070ce00000, 0x000000070cf00000|  0%| F|  |TAMS 0x000000070ce00000, 0x000000070ce00000| Untracked 
|  45|0x000000070cf00000, 0x000000070cf00000, 0x000000070d000000|  0%| F|  |TAMS 0x000000070cf00000, 0x000000070cf00000| Untracked 
|  46|0x000000070d000000, 0x000000070d000000, 0x000000070d100000|  0%| F|  |TAMS 0x000000070d000000, 0x000000070d000000| Untracked 
|  47|0x000000070d100000, 0x000000070d100000, 0x000000070d200000|  0%| F|  |TAMS 0x000000070d100000, 0x000000070d100000| Untracked 
|  48|0x000000070d200000, 0x000000070d200000, 0x000000070d300000|  0%| F|  |TAMS 0x000000070d200000, 0x000000070d200000| Untracked 
|  49|0x000000070d300000, 0x000000070d300000, 0x000000070d400000|  0%| F|  |TAMS 0x000000070d300000, 0x000000070d300000| Untracked 
|  50|0x000000070d400000, 0x000000070d400000, 0x000000070d500000|  0%| F|  |TAMS 0x000000070d400000, 0x000000070d400000| Untracked 
|  51|0x000000070d500000, 0x000000070d500000, 0x000000070d600000|  0%| F|  |TAMS 0x000000070d500000, 0x000000070d500000| Untracked 
|  52|0x000000070d600000, 0x000000070d600000, 0x000000070d700000|  0%| F|  |TAMS 0x000000070d600000, 0x000000070d600000| Untracked 
|  53|0x000000070d700000, 0x000000070d700000, 0x000000070d800000|  0%| F|  |TAMS 0x000000070d700000, 0x000000070d700000| Untracked 
|  54|0x000000070d800000, 0x000000070d800000, 0x000000070d900000|  0%| F|  |TAMS 0x000000070d800000, 0x000000070d800000| Untracked 
|  55|0x000000070d900000, 0x000000070d900000, 0x000000070da00000|  0%| F|  |TAMS 0x000000070d900000, 0x000000070d900000| Untracked 
|  56|0x000000070da00000, 0x000000070da00000, 0x000000070db00000|  0%| F|  |TAMS 0x000000070da00000, 0x000000070da00000| Untracked 
|  57|0x000000070db00000, 0x000000070db00000, 0x000000070dc00000|  0%| F|  |TAMS 0x000000070db00000, 0x000000070db00000| Untracked 
|  58|0x000000070dc00000, 0x000000070dc00000, 0x000000070dd00000|  0%| F|  |TAMS 0x000000070dc00000, 0x000000070dc00000| Untracked 
|  59|0x000000070dd00000, 0x000000070dd00000, 0x000000070de00000|  0%| F|  |TAMS 0x000000070dd00000, 0x000000070dd00000| Untracked 
|  60|0x000000070de00000, 0x000000070de00000, 0x000000070df00000|  0%| F|  |TAMS 0x000000070de00000, 0x000000070de00000| Untracked 
|  61|0x000000070df00000, 0x000000070df00000, 0x000000070e000000|  0%| F|  |TAMS 0x000000070df00000, 0x000000070df00000| Untracked 
|  62|0x000000070e000000, 0x000000070e000000, 0x000000070e100000|  0%| F|  |TAMS 0x000000070e000000, 0x000000070e000000| Untracked 
|  63|0x000000070e100000, 0x000000070e100000, 0x000000070e200000|  0%| F|  |TAMS 0x000000070e100000, 0x000000070e100000| Untracked 
|  64|0x000000070e200000, 0x000000070e200000, 0x000000070e300000|  0%| F|  |TAMS 0x000000070e200000, 0x000000070e200000| Untracked 
|  65|0x000000070e300000, 0x000000070e300000, 0x000000070e400000|  0%| F|  |TAMS 0x000000070e300000, 0x000000070e300000| Untracked 
|  66|0x000000070e400000, 0x000000070e400000, 0x000000070e500000|  0%| F|  |TAMS 0x000000070e400000, 0x000000070e400000| Untracked 
|  67|0x000000070e500000, 0x000000070e500000, 0x000000070e600000|  0%| F|  |TAMS 0x000000070e500000, 0x000000070e500000| Untracked 
|  68|0x000000070e600000, 0x000000070e600000, 0x000000070e700000|  0%| F|  |TAMS 0x000000070e600000, 0x000000070e600000| Untracked 
|  69|0x000000070e700000, 0x000000070e700000, 0x000000070e800000|  0%| F|  |TAMS 0x000000070e700000, 0x000000070e700000| Untracked 
|  70|0x000000070e800000, 0x000000070e800000, 0x000000070e900000|  0%| F|  |TAMS 0x000000070e800000, 0x000000070e800000| Untracked 
|  71|0x000000070e900000, 0x000000070e900000, 0x000000070ea00000|  0%| F|  |TAMS 0x000000070e900000, 0x000000070e900000| Untracked 
|  72|0x000000070ea00000, 0x000000070ea00000, 0x000000070eb00000|  0%| F|  |TAMS 0x000000070ea00000, 0x000000070ea00000| Untracked 
|  73|0x000000070eb00000, 0x000000070eb00000, 0x000000070ec00000|  0%| F|  |TAMS 0x000000070eb00000, 0x000000070eb00000| Untracked 
|  74|0x000000070ec00000, 0x000000070ec00000, 0x000000070ed00000|  0%| F|  |TAMS 0x000000070ec00000, 0x000000070ec00000| Untracked 
|  75|0x000000070ed00000, 0x000000070ed00000, 0x000000070ee00000|  0%| F|  |TAMS 0x000000070ed00000, 0x000000070ed00000| Untracked 
|  76|0x000000070ee00000, 0x000000070ee00000, 0x000000070ef00000|  0%| F|  |TAMS 0x000000070ee00000, 0x000000070ee00000| Untracked 
|  77|0x000000070ef00000, 0x000000070ef00000, 0x000000070f000000|  0%| F|  |TAMS 0x000000070ef00000, 0x000000070ef00000| Untracked 
|  78|0x000000070f000000, 0x000000070f000000, 0x000000070f100000|  0%| F|  |TAMS 0x000000070f000000, 0x000000070f000000| Untracked 
|  79|0x000000070f100000, 0x000000070f100000, 0x000000070f200000|  0%| F|  |TAMS 0x000000070f100000, 0x000000070f100000| Untracked 
|  80|0x000000070f200000, 0x000000070f200000, 0x000000070f300000|  0%| F|  |TAMS 0x000000070f200000, 0x000000070f200000| Untracked 
|  81|0x000000070f300000, 0x000000070f300000, 0x000000070f400000|  0%| F|  |TAMS 0x000000070f300000, 0x000000070f300000| Untracked 
|  82|0x000000070f400000, 0x000000070f400000, 0x000000070f500000|  0%| F|  |TAMS 0x000000070f400000, 0x000000070f400000| Untracked 
|  83|0x000000070f500000, 0x000000070f500000, 0x000000070f600000|  0%| F|  |TAMS 0x000000070f500000, 0x000000070f500000| Untracked 
|  84|0x000000070f600000, 0x000000070f600000, 0x000000070f700000|  0%| F|  |TAMS 0x000000070f600000, 0x000000070f600000| Untracked 
|  85|0x000000070f700000, 0x000000070f700000, 0x000000070f800000|  0%| F|  |TAMS 0x000000070f700000, 0x000000070f700000| Untracked 
|  86|0x000000070f800000, 0x000000070f800000, 0x000000070f900000|  0%| F|  |TAMS 0x000000070f800000, 0x000000070f800000| Untracked 
|  87|0x000000070f900000, 0x000000070f900000, 0x000000070fa00000|  0%| F|  |TAMS 0x000000070f900000, 0x000000070f900000| Untracked 
|  88|0x000000070fa00000, 0x000000070fa00000, 0x000000070fb00000|  0%| F|  |TAMS 0x000000070fa00000, 0x000000070fa00000| Untracked 
|  89|0x000000070fb00000, 0x000000070fb00000, 0x000000070fc00000|  0%| F|  |TAMS 0x000000070fb00000, 0x000000070fb00000| Untracked 
|  90|0x000000070fc00000, 0x000000070fc00000, 0x000000070fd00000|  0%| F|  |TAMS 0x000000070fc00000, 0x000000070fc00000| Untracked 
|  91|0x000000070fd00000, 0x000000070fd00000, 0x000000070fe00000|  0%| F|  |TAMS 0x000000070fd00000, 0x000000070fd00000| Untracked 
|  92|0x000000070fe00000, 0x000000070fe00000, 0x000000070ff00000|  0%| F|  |TAMS 0x000000070fe00000, 0x000000070fe00000| Untracked 
|  93|0x000000070ff00000, 0x000000070ff00000, 0x0000000710000000|  0%| F|  |TAMS 0x000000070ff00000, 0x000000070ff00000| Untracked 
|  94|0x0000000710000000, 0x0000000710000000, 0x0000000710100000|  0%| F|  |TAMS 0x0000000710000000, 0x0000000710000000| Untracked 
|  95|0x0000000710100000, 0x0000000710100000, 0x0000000710200000|  0%| F|  |TAMS 0x0000000710100000, 0x0000000710100000| Untracked 
|  96|0x0000000710200000, 0x0000000710200000, 0x0000000710300000|  0%| F|  |TAMS 0x0000000710200000, 0x0000000710200000| Untracked 
|  97|0x0000000710300000, 0x0000000710300000, 0x0000000710400000|  0%| F|  |TAMS 0x0000000710300000, 0x0000000710300000| Untracked 
|  98|0x0000000710400000, 0x0000000710400000, 0x0000000710500000|  0%| F|  |TAMS 0x0000000710400000, 0x0000000710400000| Untracked 
|  99|0x0000000710500000, 0x0000000710500000, 0x0000000710600000|  0%| F|  |TAMS 0x0000000710500000, 0x0000000710500000| Untracked 
| 100|0x0000000710600000, 0x0000000710600000, 0x0000000710700000|  0%| F|  |TAMS 0x0000000710600000, 0x0000000710600000| Untracked 
| 101|0x0000000710700000, 0x0000000710700000, 0x0000000710800000|  0%| F|  |TAMS 0x0000000710700000, 0x0000000710700000| Untracked 
| 102|0x0000000710800000, 0x0000000710800000, 0x0000000710900000|  0%| F|  |TAMS 0x0000000710800000, 0x0000000710800000| Untracked 
| 103|0x0000000710900000, 0x0000000710900000, 0x0000000710a00000|  0%| F|  |TAMS 0x0000000710900000, 0x0000000710900000| Untracked 
| 104|0x0000000710a00000, 0x0000000710a00000, 0x0000000710b00000|  0%| F|  |TAMS 0x0000000710a00000, 0x0000000710a00000| Untracked 
| 105|0x0000000710b00000, 0x0000000710b00000, 0x0000000710c00000|  0%| F|  |TAMS 0x0000000710b00000, 0x0000000710b00000| Untracked 
| 106|0x0000000710c00000, 0x0000000710c00000, 0x0000000710d00000|  0%| F|  |TAMS 0x0000000710c00000, 0x0000000710c00000| Untracked 
| 107|0x0000000710d00000, 0x0000000710d00000, 0x0000000710e00000|  0%| F|  |TAMS 0x0000000710d00000, 0x0000000710d00000| Untracked 
| 108|0x0000000710e00000, 0x0000000710e00000, 0x0000000710f00000|  0%| F|  |TAMS 0x0000000710e00000, 0x0000000710e00000| Untracked 
| 109|0x0000000710f00000, 0x0000000710f00000, 0x0000000711000000|  0%| F|  |TAMS 0x0000000710f00000, 0x0000000710f00000| Untracked 
| 110|0x0000000711000000, 0x0000000711000000, 0x0000000711100000|  0%| F|  |TAMS 0x0000000711000000, 0x0000000711000000| Untracked 
| 111|0x0000000711100000, 0x0000000711100000, 0x0000000711200000|  0%| F|  |TAMS 0x0000000711100000, 0x0000000711100000| Untracked 
| 112|0x0000000711200000, 0x0000000711200000, 0x0000000711300000|  0%| F|  |TAMS 0x0000000711200000, 0x0000000711200000| Untracked 
| 113|0x0000000711300000, 0x0000000711300000, 0x0000000711400000|  0%| F|  |TAMS 0x0000000711300000, 0x0000000711300000| Untracked 
| 114|0x0000000711400000, 0x0000000711400000, 0x0000000711500000|  0%| F|  |TAMS 0x0000000711400000, 0x0000000711400000| Untracked 
| 115|0x0000000711500000, 0x0000000711500000, 0x0000000711600000|  0%| F|  |TAMS 0x0000000711500000, 0x0000000711500000| Untracked 
| 116|0x0000000711600000, 0x0000000711600000, 0x0000000711700000|  0%| F|  |TAMS 0x0000000711600000, 0x0000000711600000| Untracked 
| 117|0x0000000711700000, 0x0000000711700000, 0x0000000711800000|  0%| F|  |TAMS 0x0000000711700000, 0x0000000711700000| Untracked 
| 118|0x0000000711800000, 0x0000000711800000, 0x0000000711900000|  0%| F|  |TAMS 0x0000000711800000, 0x0000000711800000| Untracked 
| 119|0x0000000711900000, 0x0000000711900000, 0x0000000711a00000|  0%| F|  |TAMS 0x0000000711900000, 0x0000000711900000| Untracked 
| 120|0x0000000711a00000, 0x0000000711a00000, 0x0000000711b00000|  0%| F|  |TAMS 0x0000000711a00000, 0x0000000711a00000| Untracked 
| 121|0x0000000711b00000, 0x0000000711b00000, 0x0000000711c00000|  0%| F|  |TAMS 0x0000000711b00000, 0x0000000711b00000| Untracked 
| 122|0x0000000711c00000, 0x0000000711c00000, 0x0000000711d00000|  0%| F|  |TAMS 0x0000000711c00000, 0x0000000711c00000| Untracked 
| 123|0x0000000711d00000, 0x0000000711d00000, 0x0000000711e00000|  0%| F|  |TAMS 0x0000000711d00000, 0x0000000711d00000| Untracked 
| 124|0x0000000711e00000, 0x0000000711e00000, 0x0000000711f00000|  0%| F|  |TAMS 0x0000000711e00000, 0x0000000711e00000| Untracked 
| 125|0x0000000711f00000, 0x0000000711f00000, 0x0000000712000000|  0%| F|  |TAMS 0x0000000711f00000, 0x0000000711f00000| Untracked 
| 126|0x0000000712000000, 0x0000000712000000, 0x0000000712100000|  0%| F|  |TAMS 0x0000000712000000, 0x0000000712000000| Untracked 
| 127|0x0000000712100000, 0x0000000712100000, 0x0000000712200000|  0%| F|  |TAMS 0x0000000712100000, 0x0000000712100000| Untracked 
| 128|0x0000000712200000, 0x0000000712200000, 0x0000000712300000|  0%| F|  |TAMS 0x0000000712200000, 0x0000000712200000| Untracked 
| 129|0x0000000712300000, 0x0000000712300000, 0x0000000712400000|  0%| F|  |TAMS 0x0000000712300000, 0x0000000712300000| Untracked 
| 130|0x0000000712400000, 0x0000000712400000, 0x0000000712500000|  0%| F|  |TAMS 0x0000000712400000, 0x0000000712400000| Untracked 
| 131|0x0000000712500000, 0x0000000712500000, 0x0000000712600000|  0%| F|  |TAMS 0x0000000712500000, 0x0000000712500000| Untracked 
| 132|0x0000000712600000, 0x0000000712600000, 0x0000000712700000|  0%| F|  |TAMS 0x0000000712600000, 0x0000000712600000| Untracked 
| 133|0x0000000712700000, 0x0000000712700000, 0x0000000712800000|  0%| F|  |TAMS 0x0000000712700000, 0x0000000712700000| Untracked 
| 134|0x0000000712800000, 0x0000000712800000, 0x0000000712900000|  0%| F|  |TAMS 0x0000000712800000, 0x0000000712800000| Untracked 
| 135|0x0000000712900000, 0x0000000712900000, 0x0000000712a00000|  0%| F|  |TAMS 0x0000000712900000, 0x0000000712900000| Untracked 
| 136|0x0000000712a00000, 0x0000000712a00000, 0x0000000712b00000|  0%| F|  |TAMS 0x0000000712a00000, 0x0000000712a00000| Untracked 
| 137|0x0000000712b00000, 0x0000000712b00000, 0x0000000712c00000|  0%| F|  |TAMS 0x0000000712b00000, 0x0000000712b00000| Untracked 
| 138|0x0000000712c00000, 0x0000000712c00000, 0x0000000712d00000|  0%| F|  |TAMS 0x0000000712c00000, 0x0000000712c00000| Untracked 
| 139|0x0000000712d00000, 0x0000000712d00000, 0x0000000712e00000|  0%| F|  |TAMS 0x0000000712d00000, 0x0000000712d00000| Untracked 
| 140|0x0000000712e00000, 0x0000000712e00000, 0x0000000712f00000|  0%| F|  |TAMS 0x0000000712e00000, 0x0000000712e00000| Untracked 
| 141|0x0000000712f00000, 0x0000000712f00000, 0x0000000713000000|  0%| F|  |TAMS 0x0000000712f00000, 0x0000000712f00000| Untracked 
| 142|0x0000000713000000, 0x0000000713000000, 0x0000000713100000|  0%| F|  |TAMS 0x0000000713000000, 0x0000000713000000| Untracked 
| 143|0x0000000713100000, 0x0000000713100000, 0x0000000713200000|  0%| F|  |TAMS 0x0000000713100000, 0x0000000713100000| Untracked 
| 144|0x0000000713200000, 0x0000000713200000, 0x0000000713300000|  0%| F|  |TAMS 0x0000000713200000, 0x0000000713200000| Untracked 
| 145|0x0000000713300000, 0x0000000713300000, 0x0000000713400000|  0%| F|  |TAMS 0x0000000713300000, 0x0000000713300000| Untracked 
| 146|0x0000000713400000, 0x0000000713400000, 0x0000000713500000|  0%| F|  |TAMS 0x0000000713400000, 0x0000000713400000| Untracked 
| 147|0x0000000713500000, 0x0000000713500000, 0x0000000713600000|  0%| F|  |TAMS 0x0000000713500000, 0x0000000713500000| Untracked 
| 148|0x0000000713600000, 0x0000000713600000, 0x0000000713700000|  0%| F|  |TAMS 0x0000000713600000, 0x0000000713600000| Untracked 
| 149|0x0000000713700000, 0x0000000713700000, 0x0000000713800000|  0%| F|  |TAMS 0x0000000713700000, 0x0000000713700000| Untracked 
| 150|0x0000000713800000, 0x0000000713800000, 0x0000000713900000|  0%| F|  |TAMS 0x0000000713800000, 0x0000000713800000| Untracked 
| 151|0x0000000713900000, 0x0000000713900000, 0x0000000713a00000|  0%| F|  |TAMS 0x0000000713900000, 0x0000000713900000| Untracked 
| 152|0x0000000713a00000, 0x0000000713a00000, 0x0000000713b00000|  0%| F|  |TAMS 0x0000000713a00000, 0x0000000713a00000| Untracked 
| 153|0x0000000713b00000, 0x0000000713b00000, 0x0000000713c00000|  0%| F|  |TAMS 0x0000000713b00000, 0x0000000713b00000| Untracked 
| 154|0x0000000713c00000, 0x0000000713c00000, 0x0000000713d00000|  0%| F|  |TAMS 0x0000000713c00000, 0x0000000713c00000| Untracked 
| 155|0x0000000713d00000, 0x0000000713d00000, 0x0000000713e00000|  0%| F|  |TAMS 0x0000000713d00000, 0x0000000713d00000| Untracked 
| 156|0x0000000713e00000, 0x0000000713e00000, 0x0000000713f00000|  0%| F|  |TAMS 0x0000000713e00000, 0x0000000713e00000| Untracked 
| 157|0x0000000713f00000, 0x0000000713f00000, 0x0000000714000000|  0%| F|  |TAMS 0x0000000713f00000, 0x0000000713f00000| Untracked 
| 158|0x0000000714000000, 0x0000000714000000, 0x0000000714100000|  0%| F|  |TAMS 0x0000000714000000, 0x0000000714000000| Untracked 
| 159|0x0000000714100000, 0x0000000714100000, 0x0000000714200000|  0%| F|  |TAMS 0x0000000714100000, 0x0000000714100000| Untracked 
| 160|0x0000000714200000, 0x0000000714200000, 0x0000000714300000|  0%| F|  |TAMS 0x0000000714200000, 0x0000000714200000| Untracked 
| 161|0x0000000714300000, 0x0000000714300000, 0x0000000714400000|  0%| F|  |TAMS 0x0000000714300000, 0x0000000714300000| Untracked 
| 162|0x0000000714400000, 0x0000000714400000, 0x0000000714500000|  0%| F|  |TAMS 0x0000000714400000, 0x0000000714400000| Untracked 
| 163|0x0000000714500000, 0x0000000714500000, 0x0000000714600000|  0%| F|  |TAMS 0x0000000714500000, 0x0000000714500000| Untracked 
| 164|0x0000000714600000, 0x0000000714600000, 0x0000000714700000|  0%| F|  |TAMS 0x0000000714600000, 0x0000000714600000| Untracked 
| 165|0x0000000714700000, 0x0000000714700000, 0x0000000714800000|  0%| F|  |TAMS 0x0000000714700000, 0x0000000714700000| Untracked 
| 166|0x0000000714800000, 0x0000000714800000, 0x0000000714900000|  0%| F|  |TAMS 0x0000000714800000, 0x0000000714800000| Untracked 
| 167|0x0000000714900000, 0x0000000714900000, 0x0000000714a00000|  0%| F|  |TAMS 0x0000000714900000, 0x0000000714900000| Untracked 
| 168|0x0000000714a00000, 0x0000000714a00000, 0x0000000714b00000|  0%| F|  |TAMS 0x0000000714a00000, 0x0000000714a00000| Untracked 
| 169|0x0000000714b00000, 0x0000000714b00000, 0x0000000714c00000|  0%| F|  |TAMS 0x0000000714b00000, 0x0000000714b00000| Untracked 
| 170|0x0000000714c00000, 0x0000000714c00000, 0x0000000714d00000|  0%| F|  |TAMS 0x0000000714c00000, 0x0000000714c00000| Untracked 
| 171|0x0000000714d00000, 0x0000000714d00000, 0x0000000714e00000|  0%| F|  |TAMS 0x0000000714d00000, 0x0000000714d00000| Untracked 
| 172|0x0000000714e00000, 0x0000000714e00000, 0x0000000714f00000|  0%| F|  |TAMS 0x0000000714e00000, 0x0000000714e00000| Untracked 
| 173|0x0000000714f00000, 0x0000000714f00000, 0x0000000715000000|  0%| F|  |TAMS 0x0000000714f00000, 0x0000000714f00000| Untracked 
| 174|0x0000000715000000, 0x0000000715000000, 0x0000000715100000|  0%| F|  |TAMS 0x0000000715000000, 0x0000000715000000| Untracked 
| 175|0x0000000715100000, 0x0000000715100000, 0x0000000715200000|  0%| F|  |TAMS 0x0000000715100000, 0x0000000715100000| Untracked 
| 176|0x0000000715200000, 0x0000000715200000, 0x0000000715300000|  0%| F|  |TAMS 0x0000000715200000, 0x0000000715200000| Untracked 
| 177|0x0000000715300000, 0x0000000715300000, 0x0000000715400000|  0%| F|  |TAMS 0x0000000715300000, 0x0000000715300000| Untracked 
| 178|0x0000000715400000, 0x0000000715400000, 0x0000000715500000|  0%| F|  |TAMS 0x0000000715400000, 0x0000000715400000| Untracked 
| 179|0x0000000715500000, 0x0000000715500000, 0x0000000715600000|  0%| F|  |TAMS 0x0000000715500000, 0x0000000715500000| Untracked 
| 180|0x0000000715600000, 0x0000000715600000, 0x0000000715700000|  0%| F|  |TAMS 0x0000000715600000, 0x0000000715600000| Untracked 
| 181|0x0000000715700000, 0x0000000715700000, 0x0000000715800000|  0%| F|  |TAMS 0x0000000715700000, 0x0000000715700000| Untracked 
| 182|0x0000000715800000, 0x0000000715800000, 0x0000000715900000|  0%| F|  |TAMS 0x0000000715800000, 0x0000000715800000| Untracked 
| 183|0x0000000715900000, 0x0000000715900000, 0x0000000715a00000|  0%| F|  |TAMS 0x0000000715900000, 0x0000000715900000| Untracked 
| 184|0x0000000715a00000, 0x0000000715a00000, 0x0000000715b00000|  0%| F|  |TAMS 0x0000000715a00000, 0x0000000715a00000| Untracked 
| 185|0x0000000715b00000, 0x0000000715b00000, 0x0000000715c00000|  0%| F|  |TAMS 0x0000000715b00000, 0x0000000715b00000| Untracked 
| 186|0x0000000715c00000, 0x0000000715c00000, 0x0000000715d00000|  0%| F|  |TAMS 0x0000000715c00000, 0x0000000715c00000| Untracked 
| 187|0x0000000715d00000, 0x0000000715d00000, 0x0000000715e00000|  0%| F|  |TAMS 0x0000000715d00000, 0x0000000715d00000| Untracked 
| 188|0x0000000715e00000, 0x0000000715e00000, 0x0000000715f00000|  0%| F|  |TAMS 0x0000000715e00000, 0x0000000715e00000| Untracked 
| 189|0x0000000715f00000, 0x0000000715f00000, 0x0000000716000000|  0%| F|  |TAMS 0x0000000715f00000, 0x0000000715f00000| Untracked 
| 190|0x0000000716000000, 0x0000000716000000, 0x0000000716100000|  0%| F|  |TAMS 0x0000000716000000, 0x0000000716000000| Untracked 
| 191|0x0000000716100000, 0x0000000716100000, 0x0000000716200000|  0%| F|  |TAMS 0x0000000716100000, 0x0000000716100000| Untracked 
| 192|0x0000000716200000, 0x0000000716200000, 0x0000000716300000|  0%| F|  |TAMS 0x0000000716200000, 0x0000000716200000| Untracked 
| 193|0x0000000716300000, 0x0000000716300000, 0x0000000716400000|  0%| F|  |TAMS 0x0000000716300000, 0x0000000716300000| Untracked 
| 194|0x0000000716400000, 0x0000000716400000, 0x0000000716500000|  0%| F|  |TAMS 0x0000000716400000, 0x0000000716400000| Untracked 
| 195|0x0000000716500000, 0x0000000716500000, 0x0000000716600000|  0%| F|  |TAMS 0x0000000716500000, 0x0000000716500000| Untracked 
| 196|0x0000000716600000, 0x0000000716600000, 0x0000000716700000|  0%| F|  |TAMS 0x0000000716600000, 0x0000000716600000| Untracked 
| 197|0x0000000716700000, 0x0000000716700000, 0x0000000716800000|  0%| F|  |TAMS 0x0000000716700000, 0x0000000716700000| Untracked 
| 198|0x0000000716800000, 0x0000000716800000, 0x0000000716900000|  0%| F|  |TAMS 0x0000000716800000, 0x0000000716800000| Untracked 
| 199|0x0000000716900000, 0x0000000716900000, 0x0000000716a00000|  0%| F|  |TAMS 0x0000000716900000, 0x0000000716900000| Untracked 
| 200|0x0000000716a00000, 0x0000000716a00000, 0x0000000716b00000|  0%| F|  |TAMS 0x0000000716a00000, 0x0000000716a00000| Untracked 
| 201|0x0000000716b00000, 0x0000000716b00000, 0x0000000716c00000|  0%| F|  |TAMS 0x0000000716b00000, 0x0000000716b00000| Untracked 
| 202|0x0000000716c00000, 0x0000000716c00000, 0x0000000716d00000|  0%| F|  |TAMS 0x0000000716c00000, 0x0000000716c00000| Untracked 
| 203|0x0000000716d00000, 0x0000000716d00000, 0x0000000716e00000|  0%| F|  |TAMS 0x0000000716d00000, 0x0000000716d00000| Untracked 
| 204|0x0000000716e00000, 0x0000000716e00000, 0x0000000716f00000|  0%| F|  |TAMS 0x0000000716e00000, 0x0000000716e00000| Untracked 
| 205|0x0000000716f00000, 0x0000000716f00000, 0x0000000717000000|  0%| F|  |TAMS 0x0000000716f00000, 0x0000000716f00000| Untracked 
| 206|0x0000000717000000, 0x0000000717000000, 0x0000000717100000|  0%| F|  |TAMS 0x0000000717000000, 0x0000000717000000| Untracked 
| 207|0x0000000717100000, 0x0000000717100000, 0x0000000717200000|  0%| F|  |TAMS 0x0000000717100000, 0x0000000717100000| Untracked 
| 208|0x0000000717200000, 0x0000000717200000, 0x0000000717300000|  0%| F|  |TAMS 0x0000000717200000, 0x0000000717200000| Untracked 
| 209|0x0000000717300000, 0x0000000717300000, 0x0000000717400000|  0%| F|  |TAMS 0x0000000717300000, 0x0000000717300000| Untracked 
| 210|0x0000000717400000, 0x0000000717400000, 0x0000000717500000|  0%| F|  |TAMS 0x0000000717400000, 0x0000000717400000| Untracked 
| 211|0x0000000717500000, 0x0000000717500000, 0x0000000717600000|  0%| F|  |TAMS 0x0000000717500000, 0x0000000717500000| Untracked 
| 212|0x0000000717600000, 0x0000000717600000, 0x0000000717700000|  0%| F|  |TAMS 0x0000000717600000, 0x0000000717600000| Untracked 
| 213|0x0000000717700000, 0x0000000717700000, 0x0000000717800000|  0%| F|  |TAMS 0x0000000717700000, 0x0000000717700000| Untracked 
| 214|0x0000000717800000, 0x0000000717800000, 0x0000000717900000|  0%| F|  |TAMS 0x0000000717800000, 0x0000000717800000| Untracked 
| 215|0x0000000717900000, 0x0000000717900000, 0x0000000717a00000|  0%| F|  |TAMS 0x0000000717900000, 0x0000000717900000| Untracked 
| 216|0x0000000717a00000, 0x0000000717a00000, 0x0000000717b00000|  0%| F|  |TAMS 0x0000000717a00000, 0x0000000717a00000| Untracked 
| 217|0x0000000717b00000, 0x0000000717b00000, 0x0000000717c00000|  0%| F|  |TAMS 0x0000000717b00000, 0x0000000717b00000| Untracked 
| 218|0x0000000717c00000, 0x0000000717c00000, 0x0000000717d00000|  0%| F|  |TAMS 0x0000000717c00000, 0x0000000717c00000| Untracked 
| 219|0x0000000717d00000, 0x0000000717d00000, 0x0000000717e00000|  0%| F|  |TAMS 0x0000000717d00000, 0x0000000717d00000| Untracked 
| 220|0x0000000717e00000, 0x0000000717e00000, 0x0000000717f00000|  0%| F|  |TAMS 0x0000000717e00000, 0x0000000717e00000| Untracked 
| 221|0x0000000717f00000, 0x0000000717f00000, 0x0000000718000000|  0%| F|  |TAMS 0x0000000717f00000, 0x0000000717f00000| Untracked 
| 222|0x0000000718000000, 0x0000000718000000, 0x0000000718100000|  0%| F|  |TAMS 0x0000000718000000, 0x0000000718000000| Untracked 
| 223|0x0000000718100000, 0x0000000718100000, 0x0000000718200000|  0%| F|  |TAMS 0x0000000718100000, 0x0000000718100000| Untracked 
| 224|0x0000000718200000, 0x0000000718200000, 0x0000000718300000|  0%| F|  |TAMS 0x0000000718200000, 0x0000000718200000| Untracked 
| 225|0x0000000718300000, 0x0000000718300000, 0x0000000718400000|  0%| F|  |TAMS 0x0000000718300000, 0x0000000718300000| Untracked 
| 226|0x0000000718400000, 0x0000000718400000, 0x0000000718500000|  0%| F|  |TAMS 0x0000000718400000, 0x0000000718400000| Untracked 
| 227|0x0000000718500000, 0x0000000718500000, 0x0000000718600000|  0%| F|  |TAMS 0x0000000718500000, 0x0000000718500000| Untracked 
| 228|0x0000000718600000, 0x0000000718600000, 0x0000000718700000|  0%| F|  |TAMS 0x0000000718600000, 0x0000000718600000| Untracked 
| 229|0x0000000718700000, 0x0000000718700000, 0x0000000718800000|  0%| F|  |TAMS 0x0000000718700000, 0x0000000718700000| Untracked 
| 230|0x0000000718800000, 0x0000000718800000, 0x0000000718900000|  0%| F|  |TAMS 0x0000000718800000, 0x0000000718800000| Untracked 
| 231|0x0000000718900000, 0x0000000718900000, 0x0000000718a00000|  0%| F|  |TAMS 0x0000000718900000, 0x0000000718900000| Untracked 
| 232|0x0000000718a00000, 0x0000000718a00000, 0x0000000718b00000|  0%| F|  |TAMS 0x0000000718a00000, 0x0000000718a00000| Untracked 
| 233|0x0000000718b00000, 0x0000000718b00000, 0x0000000718c00000|  0%| F|  |TAMS 0x0000000718b00000, 0x0000000718b00000| Untracked 
| 234|0x0000000718c00000, 0x0000000718c00000, 0x0000000718d00000|  0%| F|  |TAMS 0x0000000718c00000, 0x0000000718c00000| Untracked 
| 235|0x0000000718d00000, 0x0000000718d00000, 0x0000000718e00000|  0%| F|  |TAMS 0x0000000718d00000, 0x0000000718d00000| Untracked 
| 236|0x0000000718e00000, 0x0000000718e00000, 0x0000000718f00000|  0%| F|  |TAMS 0x0000000718e00000, 0x0000000718e00000| Untracked 
| 237|0x0000000718f00000, 0x0000000718f00000, 0x0000000719000000|  0%| F|  |TAMS 0x0000000718f00000, 0x0000000718f00000| Untracked 
| 238|0x0000000719000000, 0x0000000719000000, 0x0000000719100000|  0%| F|  |TAMS 0x0000000719000000, 0x0000000719000000| Untracked 
| 239|0x0000000719100000, 0x0000000719100000, 0x0000000719200000|  0%| F|  |TAMS 0x0000000719100000, 0x0000000719100000| Untracked 
| 240|0x0000000719200000, 0x0000000719200000, 0x0000000719300000|  0%| F|  |TAMS 0x0000000719200000, 0x0000000719200000| Untracked 
| 241|0x0000000719300000, 0x0000000719300000, 0x0000000719400000|  0%| F|  |TAMS 0x0000000719300000, 0x0000000719300000| Untracked 
| 242|0x0000000719400000, 0x0000000719400000, 0x0000000719500000|  0%| F|  |TAMS 0x0000000719400000, 0x0000000719400000| Untracked 
| 243|0x0000000719500000, 0x0000000719500000, 0x0000000719600000|  0%| F|  |TAMS 0x0000000719500000, 0x0000000719500000| Untracked 
| 244|0x0000000719600000, 0x0000000719600000, 0x0000000719700000|  0%| F|  |TAMS 0x0000000719600000, 0x0000000719600000| Untracked 
| 245|0x0000000719700000, 0x0000000719800000, 0x0000000719800000|100%| E|  |TAMS 0x0000000719700000, 0x0000000719700000| Complete 
|2908|0x00000007bfe00000, 0x00000007bfe48000, 0x00000007bff00000| 28%|OA|  |TAMS 0x00000007bfe00000, 0x00000007bfe00000| Untracked 
|2909|0x00000007bff00000, 0x00000007bff6c000, 0x00000007c0000000| 42%|CA|  |TAMS 0x00000007bff00000, 0x00000007bff00000| Untracked 

Card table byte_map: [0x00007f4fedadc000,0x00007f4fee28b000] _byte_map_base: 0x00007f4fea28b000

Marking Bits (Prev, Next): (CMBitMap*) 0x00007f4fe807c048, (CMBitMap*) 0x00007f4fe807c080
 Prev Bits: [0x00007f4fc8288000, 0x00007f4fcc000000)
 Next Bits: [0x00007f4fc4510000, 0x00007f4fc8288000)

Polling page: 0x00007f4ff10d8000

Metaspace:

Usage:
  Non-class:      4.01 MB capacity,   171.47 KB (  4%) used,     3.84 MB ( 96%) free+waste,   256 bytes ( <1%) overhead. 
      Class:    386.00 KB capacity,     7.91 KB (  2%) used,   377.96 KB ( 98%) free+waste,   128 bytes ( <1%) overhead. 
       Both:      4.39 MB capacity,   179.38 KB (  4%) used,     4.21 MB ( 96%) free+waste,   384 bytes ( <1%) overhead. 

Virtual space:
  Non-class space:        8.00 MB reserved,       4.25 MB ( 53%) committed 
      Class space:        1.00 GB reserved,     512.00 KB ( <1%) committed 
             Both:        1.01 GB reserved,       4.75 MB ( <1%) committed 

Chunk freelists:
   Non-Class:  0 bytes
       Class:  0 bytes
        Both:  0 bytes

MaxMetaspaceSize: unlimited
CompressedClassSpaceSize: 1.00 GB
Initial GC threshold: 20.80 MB
Current GC threshold: 20.80 MB
CDS: on

CodeHeap 'non-profiled nmethods': size=120032Kb used=13Kb max_used=13Kb free=120018Kb
 bounds [0x00007f4fd8297000, 0x00007f4fd8507000, 0x00007f4fdf7cf000]
CodeHeap 'profiled nmethods': size=120028Kb used=84Kb max_used=84Kb free=119943Kb
 bounds [0x00007f4fd0d60000, 0x00007f4fd0fd0000, 0x00007f4fd8297000]
CodeHeap 'non-nmethods': size=5700Kb used=1022Kb max_used=1032Kb free=4677Kb
 bounds [0x00007f4fd07cf000, 0x00007f4fd0a3f000, 0x00007f4fd0d60000]
 total_blobs=306 nmethods=61 adapters=159
 compilation: enabled
              stopped_count=0, restarted_count=0
 full_count=0

Compilation events (20 events):
Event: 0.014 Thread 0x00007f4fe81df000 nmethod 55 0x00007f4fd8299e10 code [0x00007f4fd8299fa0, 0x00007f4fd829a058]
Event: 0.014 Thread 0x00007f4fe81e1000 nmethod 51 0x00007f4fd0d72490 code [0x00007f4fd0d726a0, 0x00007f4fd0d72c20]
Event: 0.014 Thread 0x00007f4fe81e1000   52       3       java.util.HashMap::putIfAbsent (13 bytes)
Event: 0.014 Thread 0x00007f4fe81e1000 nmethod 52 0x00007f4fd0d72d90 code [0x00007f4fd0d72f60, 0x00007f4fd0d73270]
Event: 0.014 Thread 0x00007f4fe81e1000   45       1       java.lang.module.ModuleDescriptor::isOpen (5 bytes)
Event: 0.014 Thread 0x00007f4fe81e1000 nmethod 45 0x00007f4fd829a110 code [0x00007f4fd829a2c0, 0x00007f4fd829a390]
Event: 0.014 Thread 0x00007f4fe81e1000   50       1       java.lang.Module::getDescriptor (5 bytes)
Event: 0.014 Thread 0x00007f4fe81e1000 nmethod 50 0x00007f4fd829a410 code [0x00007f4fd829a5c0, 0x00007f4fd829a690]
Event: 0.015 Thread 0x00007f4fe81e1000   56       3       java.lang.StringLatin1::canEncode (13 bytes)
Event: 0.015 Thread 0x00007f4fe81e1000 nmethod 56 0x00007f4fd0d73390 code [0x00007f4fd0d73540, 0x00007f4fd0d73670]
Event: 0.015 Thread 0x00007f4fe81e1000   57       3       java.lang.String::charAt (25 bytes)
Event: 0.015 Thread 0x00007f4fe81e1000 nmethod 57 0x00007f4fd0d73710 code [0x00007f4fd0d73900, 0x00007f4fd0d73cd0]
Event: 0.015 Thread 0x00007f4fe81e1000   58       3       java.lang.StringLatin1::charAt (28 bytes)
Event: 0.015 Thread 0x00007f4fe81e1000 nmethod 58 0x00007f4fd0d73e10 code [0x00007f4fd0d73fe0, 0x00007f4fd0d741c0]
Event: 0.015 Thread 0x00007f4fe81e1000   59       3       java.lang.Number::<init> (5 bytes)
Event: 0.016 Thread 0x00007f4fe81e1000 nmethod 59 0x00007f4fd0d74290 code [0x00007f4fd0d74440, 0x00007f4fd0d745b0]
Event: 0.016 Thread 0x00007f4fe81e1000   60       3       java.lang.Long::<init> (10 bytes)
Event: 0.016 Thread 0x00007f4fe81e1000 nmethod 60 0x00007f4fd0d74690 code [0x00007f4fd0d74840, 0x00007f4fd0d74a10]
Event: 0.016 Thread 0x00007f4fe81e1000   61       3       java.lang.StringLatin1::indexOf (61 bytes)
Event: 0.016 Thread 0x00007f4fe81e1000 nmethod 61 0x00007f4fd0d74b10 code [0x00007f4fd0d74ce0, 0x00007f4fd0d75090]

GC Heap History (0 events):
No events

Deoptimization events (0 events):
No events

Classes redefined (0 events):
No events

Internal exceptions (0 events):
No events

Events (20 events):
Event: 0.014 Executing VM operation: EnableBiasedLocking done
Event: 0.014 loading class jdk/internal/vm/PostVMInitHook
Event: 0.014 loading class jdk/internal/vm/PostVMInitHook done
Event: 0.014 loading class SharedMemoryPingPong
Event: 0.014 loading class SharedMemoryPingPong done
Event: 0.014 loading class jdk/internal/loader/URLClassPath$FileLoader
Event: 0.014 loading class jdk/internal/loader/URLClassPath$FileLoader done
Event: 0.015 loading class jdk/internal/loader/URLClassPath$FileLoader$1
Event: 0.015 loading class jdk/internal/loader/URLClassPath$FileLoader$1 done
Event: 0.015 Thread 0x00007f4fe823e800 Thread added: 0x00007f4fe823e800
Event: 0.015 Protecting memory [0x00007f4fbd700000,0x00007f4fbd704000] with protection modes 0
Event: 0.015 Executing VM operation: RevokeBias
Event: 0.015 Executing VM operation: RevokeBias done
Event: 0.015 loading class java/io/IOException
Event: 0.015 loading class java/io/IOException done
Event: 0.015 loading class SharedMemoryChannel
Event: 0.015 loading class SharedMemoryChannel done
Event: 0.016 Loaded shared library /home/timothy/Courses/Project/Honors_Project/libLinuxNIPC_shm.so
Event: 0.016 loading class java/nio/DirectByteBuffer$Deallocator
Event: 0.016 loading class java/nio/DirectByteBuffer$Deallocator done


Dynamic libraries:
70a200000-719800000 rw-p 00000000 00:00 0 
719800000-7bfe00000 ---p 00000000 00:00 0 
7bfe00000-7bfe48000 rw-p 00b14000 103:07 2496275                         /usr/lib/jvm/java-11-openjdk-amd64/lib/server/classes.jsa
7bfe48000-7bff00000 rw-p 00000000 00:00 0 
7bff00000-7bff6c000 rw-p 00aa8000 103:07 2496275                         /usr/lib/jvm/java-11-openjdk-amd64/lib/server/classes.jsa
7bff6c000-7c0000000 rw-p 00000000 00:00 0 
7c0000000-800000000 ---p 00000000 00:00 0 
800000000-800002000 rwxp 00001000 103:07 2496275                         /usr/lib/jvm/java-11-openjdk-amd64/lib/server/classes.jsa
800002000-8003ce000 rw-p 00003000 103:07 2496275                         /usr/lib/jvm/java-11-openjdk-amd64/lib/server/classes.jsa
8003ce000-800aa6000 r--p 003cf000 103:07 2496275                         /usr/lib/jvm/java-11-openjdk-amd64/lib/server/classes.jsa
800aa6000-800aa7000 rw-p 00aa7000 103:07 2496275                         /usr/lib/jvm/java-11-openjdk-amd64/lib/server/classes.jsa
840000000-840080000 rw-p 00000000 00:00 0 
840080000-880000000 ---p 00000000 00:00 0 
56106710a000-56106710b000 r--p 00000000 103:07 2497407                   /usr/lib/jvm/java-11-openjdk-amd64/bin/java
56106710b000-56106710c000 r-xp 00001000 103:07 2497407                   /usr/lib/jvm/java-11-openjdk-amd64/bin/java
56106710c000-56106710d000 r--p 00002000 103:07 2497407                   /usr/lib/jvm/java-11-openjdk-amd64/bin/java
56106710d000-56106710e000 r--p 00002000 103:07 2497407                   /usr/lib/jvm/java-11-openjdk-amd64/bin/java
56106710e000-56106710f000 rw-p 00003000 103:07 2497407                   /usr/lib/jvm/java-11-openjdk-amd64/bin/java
561068dd0000-561068df1000 rw-p 00000000 00:00 0                          [heap]
7f4f84000000-7f4f84021000 rw-p 00000000 00:00 0 
7f4f84021000-7f4f88000000 ---p 00000000 00:00 0 
7f4f8c000000-7f4f8c021000 rw-p 00000000 00:00 0 
7f4f8c021000-7f4f90000000 ---p 00000000 00:00 0 
7f4f90000000-7f4f90021000 rw-p 00000000 00:00 0 
7f4f90021000-7f4f94000000 ---p 00000000 00:00 0 
7f4f94000000-7f4f9407e000 rw-p 00000000 00:00 0 
7f4f9407e000-7f4f98000000 ---p 00000000 00:00 0 
7f4f98000000-7f4f9806d000 rw-p 00000000 00:00 0 
7f4f9806d000-7f4f9c000000 ---p 00000000 00:00 0 
7f4f9c000000-7f4f9c021000 rw-p 00000000 00:00 0 
7f4f9c021000-7f4fa0000000 ---p 00000000 00:00 0 
7f4fa0000000-7f4fa0021000 rw-p 00000000 00:00 0 
7f4fa0021000-7f4fa4000000 ---p 00000000 00:00 0 
7f4fa4000000-7f4fa4021000 rw-p 00000000 00:00 0 
7f4fa4021000-7f4fa8000000 ---p 00000000 00:00 0 
7f4fa8000000-7f4fa8021000 rw-p 00000000 00:00 0 
7f4fa8021000-7f4fac000000 ---p 00000000 00:00 0 
7f4fac000000-7f4fac021000 rw-p 00000000 00:00 0 
7f4fac021000-7f4fb0000000 ---p 00000000 00:00 0 
7f4fb0000000-7f4fb0021000 rw-p 00000000 00:00 0 
7f4fb0021000-7f4fb4000000 ---p 00000000 00:00 0 
7f4fb4000000-7f4fb4021000 rw-p 00000000 00:00 0 
7f4fb4021000-7f4fb8000000 ---p 00000000 00:00 0 
7f4fb8000000-7f4fb8021000 rw-p 00000000 00:00 0 
7f4fb8021000-7f4fbc000000 ---p 00000000 00:00 0 
7f4fbd34c000-7f4fbd700000 rw-p 00000000 00:00 0 
7f4fbd700000-7f4fbd704000 ---p 00000000 00:00 0 
7f4fbd704000-7f4fbdc40000 rw-p 00000000 00:00 0 
7f4fbdc40000-7f4fbe000000 ---p 00000000 00:00 0 
7f4fbe000000-7f4fc0000000 rw-p 00000000 00:00 0 
7f4fc0000000-7f4fc0021000 rw-p 00000000 00:00 0 
7f4fc0021000-7f4fc4000000 ---p 00000000 00:00 0 
7f4fc400f000-7f4fc4010000 ---p 00000000 00:00 0 
7f4fc4010000-7f4fc4110000 rw-p 00000000 00:00 0 
7f4fc4110000-7f4fc4114000 ---p 00000000 00:00 0 
7f4fc4114000-7f4fc4210000 rw-p 00000000 00:00 0 
7f4fc4210000-7f4fc4214000 ---p 00000000 00:00 0 
7f4fc4214000-7f4fc4310000 rw-p 00000000 00:00 0 
7f4fc4310000-7f4fc4314000 ---p 00000000 00:00 0 
7f4fc4314000-7f4fc4410000 rw-p 00000000 00:00 0 
7f4fc4410000-7f4fc4414000 ---p 00000000 00:00 0 
7f4fc4414000-7f4fc48e8000 rw-p 00000000 00:00 0 
7f4fc48e8000-7f4fc7280000 ---p 00000000 00:00 0 
7f4fc7280000-7f4fc7288000 rw-p 00000000 00:00 0 
7f4fc7288000-7f4fc8288000 ---p 00000000 00:00 0 
7f4fc8288000-7f4fc8660000 rw-p 00000000 00:00 0 
7f4fc8660000-7f4fcaff8000 ---p 00000000 00:00 0 
7f4fcaff8000-7f4fcb000000 rw-p 00000000 00:00 0 
7f4fcb000000-7f4fcc000000 ---p 00000000 00:00 0 
7f4fcc000000-7f4fcc021000 rw-p 00000000 00:00 0 
7f4fcc021000-7f4fd0000000 ---p 00000000 00:00 0 
7f4fd005c000-7f4fd0060000 ---p 00000000 00:00 0 
7f4fd0060000-7f4fd015c000 rw-p 00000000 00:00 0 
7f4fd015c000-7f4fd06cf000 r--p 00000000 103:07 2497694                   /usr/lib/locale/locale-archive
7f4fd06cf000-7f4fd06d3000 ---p 00000000 00:00 0 
7f4fd06d3000-7f4fd07cf000 rw-p 00000000 00:00 0 
7f4fd07cf000-7f4fd0a3f000 rwxp 00000000 00:00 0 
7f4fd0a3f000-7f4fd0d60000 ---p 00000000 00:00 0 
7f4fd0d60000-7f4fd0fd0000 rwxp 00000000 00:00 0 
7f4fd0fd0000-7f4fd8297000 ---p 00000000 00:00 0 
7f4fd8297000-7f4fd8507000 rwxp 00000000 00:00 0 
7f4fd8507000-7f4fdf7cf000 ---p 00000000 00:00 0 
7f4fdf7cf000-7f4fe8000000 r--s 00000000 103:07 2497786                   /usr/lib/jvm/java-11-openjdk-amd64/lib/modules
7f4fe8000000-7f4fe826b000 rw-p 00000000 00:00 0 
7f4fe826b000-7f4fec000000 ---p 00000000 00:00 0 
7f4fec0ce000-7f4fec0d5000 r--s 00000000 103:07 2502143                   /usr/lib/x86_64-linux-gnu/gconv/gconv-modules.cache
7f4fec0d5000-7f4fec0d6000 r--p 00000000 103:07 12094545                  /home/timothy/Courses/Project/Honors_Project/libLinuxNIPC_shm.so
7f4fec0d6000-7f4fec0d7000 r-xp 00001000 103:07 12094545                  /home/timothy/Courses/Project/Honors_Project/libLinuxNIPC_shm.so
7f4fec0d7000-7f4fec0d8000 r--p 00002000 103:07 12094545                  /home/timothy/Courses/Project/Honors_Project/libLinuxNIPC_shm.so
7f4fec0d8000-7f4fec0d9000 r--p 00002000 103:07 12094545                  /home/timothy/Courses/Project/Honors_Project/libLinuxNIPC_shm.so
7f4fec0d9000-7f4fec0da000 rw-p 00003000 103:07 12094545                  /home/timothy/Courses/Project/Honors_Project/libLinuxNIPC_shm.so
7f4fec0da000-7f4fec0de000 ---p 00000000 00:00 0 
7f4fec0de000-7f4fec1da000 rw-p 00000000 00:00 0 
7f4fec1da000-7f4fec1db000 ---p 00000000 00:00 0 
7f4fec1db000-7f4fec421000 rw-p 00000000 00:00 0 
7f4fec421000-7f4fec422000 ---p 00000000 00:00 0 
7f4fec422000-7f4fec522000 rw-p 00000000 00:00 0 
7f4fec522000-7f4fec523000 ---p 00000000 00:00 0 
7f4fec523000-7f4fed02d000 rw-p 00000000 00:00 0 
7f4fed02d000-7f4fed02e000 ---p 00000000 00:00 0 
7f4fed02e000-7f4fed12e000 rw-p 00000000 00:00 0 
7f4fed12e000-7f4fed12f000 ---p 00000000 00:00 0 
7f4fed12f000-7f4fed3a8000 rw-p 00000000 00:00 0 
7f4fed3a8000-7f4fed8db000 ---p 00000000 00:00 0 
7f4fed8db000-7f4fed8dc000 rw-p 00000000 00:00 0 
7f4fed8dc000-7f4fedadc000 ---p 00000000 00:00 0 
7f4fedadc000-7f4fedb57000 rw-p 00000000 00:00 0 
7f4fedb57000-7f4fee08a000 ---p 00000000 00:00 0 
7f4fee08a000-7f4fee08b000 rw-p 00000000 00:00 0 
7f4fee08b000-7f4fee28b000 ---p 00000000 00:00 0 
7f4fee28b000-7f4fee306000 rw-p 00000000 00:00 0 
7f4fee306000-7f4fee839000 ---p 00000000 00:00 0 
7f4fee839000-7f4fee83a000 rw-p 00000000 00:00 0 
7f4fee83a000-7f4feea3a000 ---p 00000000 00:00 0 
7f4feea3a000-7f4fef444000 rw-p 00000000 00:00 0 
7f4fef444000-7f4fef445000 ---p 00000000 00:00 0 
7f4fef445000-7f4fef54a000 rw-p 00000000 00:00 0 
7f4fef54a000-7f4fef630000 ---p 00000000 00:00 0 
7f4fef630000-7f4fef635000 rw-p 00000000 00:00 0 
7f4fef635000-7f4fef71b000 ---p 00000000 00:00 0 
7f4fef71b000-7f4fef720000 rw-p 00000000 00:00 0 
7f4fef720000-7f4fef727000 ---p 00000000 00:00 0 
7f4fef727000-7f4fef729000 r--p 00000000 103:07 2497785                   /usr/lib/jvm/java-11-openjdk-amd64/lib/libzip.so
7f4fef729000-7f4fef72e000 r-xp 00002000 103:07 2497785                   /usr/lib/jvm/java-11-openjdk-amd64/lib/libzip.so
7f4fef72e000-7f4fef730000 r--p 00007000 103:07 2497785                   /usr/lib/jvm/java-11-openjdk-amd64/lib/libzip.so
7f4fef730000-7f4fef731000 r--p 00008000 103:07 2497785                   /usr/lib/jvm/java-11-openjdk-amd64/lib/libzip.so
7f4fef731000-7f4fef732000 rw-p 00009000 103:07 2497785                   /usr/lib/jvm/java-11-openjdk-amd64/lib/libzip.so
7f4fef732000-7f4fef73a000 rw-s 00000000 103:07 1575975                   /tmp/hsperfdata_timothy/188077
7f4fef73a000-7f4fef73c000 r--p 00000000 103:07 2497768                   /usr/lib/jvm/java-11-openjdk-amd64/lib/libjimage.so
7f4fef73c000-7f4fef73f000 r-xp 00002000 103:07 2497768                   /usr/lib/jvm/java-11-openjdk-amd64/lib/libjimage.so
7f4fef73f000-7f4fef740000 r--p 00005000 103:07 2497768                   /usr/lib/jvm/java-11-openjdk-amd64/lib/libjimage.so
7f4fef740000-7f4fef741000 ---p 00006000 103:07 2497768                   /usr/lib/jvm/java-11-openjdk-amd64/lib/libjimage.so
7f4fef741000-7f4fef742000 r--p 00006000 103:07 2497768                   /usr/lib/jvm/java-11-openjdk-amd64/lib/libjimage.so
7f4fef742000-7f4fef743000 rw-p 00007000 103:07 2497768                   /usr/lib/jvm/java-11-openjdk-amd64/lib/libjimage.so
7f4fef743000-7f4fef751000 r--p 00000000 103:07 2497765                   /usr/lib/jvm/java-11-openjdk-amd64/lib/libjava.so
7f4fef751000-7f4fef767000 r-xp 0000e000 103:07 2497765                   /usr/lib/jvm/java-11-openjdk-amd64/lib/libjava.so
7f4fef767000-7f4fef76e000 r--p 00024000 103:07 2497765                   /usr/lib/jvm/java-11-openjdk-amd64/lib/libjava.so
7f4fef76e000-7f4fef76f000 r--p 0002a000 103:07 2497765                   /usr/lib/jvm/java-11-openjdk-amd64/lib/libjava.so
7f4fef76f000-7f4fef770000 rw-p 0002b000 103:07 2497765                   /usr/lib/jvm/java-11-openjdk-amd64/lib/libjava.so
7f4fef770000-7f4fef771000 rw-p 00000000 00:00 0 
7f4fef771000-7f4fef772000 r--p 00000000 103:07 2495528                   /usr/lib/x86_64-linux-gnu/librt.so.1
7f4fef772000-7f4fef773000 r-xp 00001000 103:07 2495528                   /usr/lib/x86_64-linux-gnu/librt.so.1
7f4fef773000-7f4fef774000 r--p 00002000 103:07 2495528                   /usr/lib/x86_64-linux-gnu/librt.so.1
7f4fef774000-7f4fef775000 r--p 00002000 103:07 2495528                   /usr/lib/x86_64-linux-gnu/librt.so.1
7f4fef775000-7f4fef776000 rw-p 00003000 103:07 2495528                   /usr/lib/x86_64-linux-gnu/librt.so.1
7f4fef776000-7f4fef77a000 ---p 00000000 00:00 0 
7f4fef77a000-7f4fef876000 rw-p 00000000 00:00 0 
7f4fef876000-7f4fef879000 r--p 00000000 103:07 2525096                   /usr/lib/x86_64-linux-gnu/libgcc_s.so.1
7f4fef879000-7f4fef890000 r-xp 00003000 103:07 2525096                   /usr/lib/x86_64-linux-gnu/libgcc_s.so.1
7f4fef890000-7f4fef894000 r--p 0001a000 103:07 2525096                   /usr/lib/x86_64-linux-gnu/libgcc_s.so.1
7f4fef894000-7f4fef895000 r--p 0001d000 103:07 2525096                   /usr/lib/x86_64-linux-gnu/libgcc_s.so.1
7f4fef895000-7f4fef896000 rw-p 0001e000 103:07 2525096                   /usr/lib/x86_64-linux-gnu/libgcc_s.so.1
7f4fef896000-7f4fef8a4000 r--p 00000000 103:07 2495338                   /usr/lib/x86_64-linux-gnu/libm.so.6
7f4fef8a4000-7f4fef920000 r-xp 0000e000 103:07 2495338                   /usr/lib/x86_64-linux-gnu/libm.so.6
7f4fef920000-7f4fef97b000 r--p 0008a000 103:07 2495338                   /usr/lib/x86_64-linux-gnu/libm.so.6
7f4fef97b000-7f4fef97c000 r--p 000e4000 103:07 2495338                   /usr/lib/x86_64-linux-gnu/libm.so.6
7f4fef97c000-7f4fef97d000 rw-p 000e5000 103:07 2495338                   /usr/lib/x86_64-linux-gnu/libm.so.6
7f4fef97d000-7f4fefa17000 r--p 00000000 103:07 2525931                   /usr/lib/x86_64-linux-gnu/libstdc++.so.6.0.30
7f4fefa17000-7f4fefb28000 r-xp 0009a000 103:07 2525931                   /usr/lib/x86_64-linux-gnu/libstdc++.so.6.0.30
7f4fefb28000-7f4fefb97000 r--p 001ab000 103:07 2525931                   /usr/lib/x86_64-linux-gnu/libstdc++.so.6.0.30
7f4fefb97000-7f4fefb98000 ---p 0021a000 103:07 2525931                   /usr/lib/x86_64-linux-gnu/libstdc++.so.6.0.30
7f4fefb98000-7f4fefba3000 r--p 0021a000 103:07 2525931                   /usr/lib/x86_64-linux-gnu/libstdc++.so.6.0.30
7f4fefba3000-7f4fefba6000 rw-p 00225000 103:07 2525931                   /usr/lib/x86_64-linux-gnu/libstdc++.so.6.0.30
7f4fefba6000-7f4fefba9000 rw-p 00000000 00:00 0 
7f4fefba9000-7f4fefe2c000 r--p 00000000 103:07 2497789                   /usr/lib/jvm/java-11-openjdk-amd64/lib/server/libjvm.so
7f4fefe2c000-7f4ff0aca000 r-xp 00283000 103:07 2497789                   /usr/lib/jvm/java-11-openjdk-amd64/lib/server/libjvm.so
7f4ff0aca000-7f4ff0d26000 r--p 00f21000 103:07 2497789                   /usr/lib/jvm/java-11-openjdk-amd64/lib/server/libjvm.so
7f4ff0d26000-7f4ff0dea000 r--p 0117c000 103:07 2497789                   /usr/lib/jvm/java-11-openjdk-amd64/lib/server/libjvm.so
7f4ff0dea000-7f4ff0e25000 rw-p 01240000 103:07 2497789                   /usr/lib/jvm/java-11-openjdk-amd64/lib/server/libjvm.so
7f4ff0e25000-7f4ff0e7e000 rw-p 00000000 00:00 0 
7f4ff0e7e000-7f4ff0ea6000 r--p 00000000 103:07 2495335                   /usr/lib/x86_64-linux-gnu/libc.so.6
7f4ff0ea6000-7f4ff103b000 r-xp 00028000 103:07 2495335                   /usr/lib/x86_64-linux-gnu/libc.so.6
7f4ff103b000-7f4ff1093000 r--p 001bd000 103:07 2495335                   /usr/lib/x86_64-linux-gnu/libc.so.6
7f4ff1093000-7f4ff1094000 ---p 00215000 103:07 2495335                   /usr/lib/x86_64-linux-gnu/libc.so.6
7f4ff1094000-7f4ff1098000 r--p 00215000 103:07 2495335                   /usr/lib/x86_64-linux-gnu/libc.so.6
7f4ff1098000-7f4ff109a000 rw-p 00219000 103:07 2495335                   /usr/lib/x86_64-linux-gnu/libc.so.6
7f4ff109a000-7f4ff10a7000 rw-p 00000000 00:00 0 
7f4ff10a7000-7f4ff10aa000 r--p 00000000 103:07 2497451                   /usr/lib/jvm/java-11-openjdk-amd64/lib/jli/libjli.so
7f4ff10aa000-7f4ff10b4000 r-xp 00003000 103:07 2497451                   /usr/lib/jvm/java-11-openjdk-amd64/lib/jli/libjli.so
7f4ff10b4000-7f4ff10b7000 r--p 0000d000 103:07 2497451                   /usr/lib/jvm/java-11-openjdk-amd64/lib/jli/libjli.so
7f4ff10b7000-7f4ff10b8000 ---p 00010000 103:07 2497451                   /usr/lib/jvm/java-11-openjdk-amd64/lib/jli/libjli.so
7f4ff10b8000-7f4ff10b9000 r--p 00010000 103:07 2497451                   /usr/lib/jvm/java-11-openjdk-amd64/lib/jli/libjli.so
7f4ff10b9000-7f4ff10ba000 rw-p 00011000 103:07 2497451                   /usr/lib/jvm/java-11-openjdk-amd64/lib/jli/libjli.so
7f4ff10ba000-7f4ff10bc000 r--p 00000000 103:07 2526232                   /usr/lib/x86_64-linux-gnu/libz.so.1.2.11
7f4ff10bc000-7f4ff10cd000 r-xp 00002000 103:07 2526232                   /usr/lib/x86_64-linux-gnu/libz.so.1.2.11
7f4ff10cd000-7f4ff10d3000 r--p 00013000 103:07 2526232                   /usr/lib/x86_64-linux-gnu/libz.so.1.2.11
7f4ff10d3000-7f4ff10d4000 ---p 00019000 103:07 2526232                   /usr/lib/x86_64-linux-gnu/libz.so.1.2.11
7f4ff10d4000-7f4ff10d5000 r--p 00019000 103:07 2526232                   /usr/lib/x86_64-linux-gnu/libz.so.1.2.11
7f4ff10d5000-7f4ff10d6000 rw-p 0001a000 103:07 2526232                   /usr/lib/x86_64-linux-gnu/libz.so.1.2.11
7f4ff10d7000-7f4ff10d8000 rw-s 00000000 00:01 98325                      /SYSV0025f5b8 (deleted)
7f4ff10d8000-7f4ff10d9000 ---p 00000000 00:00 0 
7f4ff10d9000-7f4ff10da000 r--p 00000000 00:00 0 
7f4ff10da000-7f4ff10df000 r--p 00000000 103:07 2497784                   /usr/lib/jvm/java-11-openjdk-amd64/lib/libverify.so
7f4ff10df000-7f4ff10e6000 r-xp 00005000 103:07 2497784                   /usr/lib/jvm/java-11-openjdk-amd64/lib/libverify.so
7f4ff10e6000-7f4ff10e8000 r--p 0000c000 103:07 2497784                   /usr/lib/jvm/java-11-openjdk-amd64/lib/libverify.so
7f4ff10e8000-7f4ff10ea000 r--p 0000d000 103:07 2497784                   /usr/lib/jvm/java-11-openjdk-amd64/lib/libverify.so
7f4ff10ea000-7f4ff10eb000 rw-p 0000f000 103:07 2497784                   /usr/lib/jvm/java-11-openjdk-amd64/lib/libverify.so
7f4ff10eb000-7f4ff10ed000 rw-p 00000000 00:00 0 
7f4ff10ed000-7f4ff10ef000 r--p 00000000 103:07 2495256                   /usr/lib/x86_64-linux-gnu/ld-linux-x86-64.so.2
7f4ff10ef000-7f4ff1119000 r-xp 00002000 103:07 2495256                   /usr/lib/x86_64-linux-gnu/ld-linux-x86-64.so.2
7f4ff1119000-7f4ff1124000 r--p 0002c000 103:07 2495256                   /usr/lib/x86_64-linux-gnu/ld-linux-x86-64.so.2
7f4ff1124000-7f4ff1125000 rw-s 00000000 00:01 98325                      /SYSV0025f5b8 (deleted)
7f4ff1125000-7f4ff1127000 r--p 00037000 103:07 2495256                   /usr/lib/x86_64-linux-gnu/ld-linux-x86-64.so.2
7f4ff1127000-7f4ff1129000 rw-p 00039000 103:07 2495256                   /usr/lib/x86_64-linux-gnu/ld-linux-x86-64.so.2
7ffd9d398000-7ffd9d3b9000 rw-p 00000000 00:00 0                          [stack]
7ffd9d3d3000-7ffd9d3d7000 r--p 00000000 00:00 0                          [vvar]
7ffd9d3d7000-7ffd9d3d9000 r-xp 00000000 00:00 0                          [vdso]
ffffffffff600000-ffffffffff601000 --xp 00000000 00:00 0                  [vsyscall]


VM Arguments:
java_command: SharedMemoryPingPong Ping 20
java_class_path (initial): .
Launcher Type: SUN_STANDARD

[Global flags]
     intx CICompilerCount                          = 4                                         {product} {ergonomic}
     uint ConcGCThreads                            = 3                                         {product} {ergonomic}
     uint G1ConcRefinementThreads                  = 10                                        {product} {ergonomic}
   size_t G1HeapRegionSize                         = 1048576                                   {product} {ergonomic}
    uintx GCDrainStackTargetSize                   = 64                                        {product} {ergonomic}
   size_t InitialHeapSize                          = 257949696                                 {product} {ergonomic}
   size_t MarkStackSize                            = 4194304                                   {product} {ergonomic}
   size_t MaxHeapSize                              = 4125097984                                {product} {ergonomic}
   size_t MaxNewSize                               = 2474639360                                {product} {ergonomic}
   size_t MinHeapDeltaBytes                        = 1048576                                   {product} {ergonomic}
    uintx NonNMethodCodeHeapSize                   = 5836300                                {pd product} {ergonomic}
    uintx NonProfiledCodeHeapSize                  = 122910970                              {pd product} {ergonomic}
    uintx ProfiledCodeHeapSize                     = 122910970                              {pd product} {ergonomic}
    uintx ReservedCodeCacheSize                    = 251658240                              {pd product} {ergonomic}
     bool SegmentedCodeCache                       = true                                      {product} {ergonomic}
     bool UseCompressedClassPointers               = true                                 {lp64_product} {ergonomic}
     bool UseCompressedOops                        = true                                 {lp64_product} {ergonomic}
     bool UseG1GC                                  = true                                      {product} {ergonomic}

Logging:
Log output configuration:
 #0: stdout all=warning uptime,level,tags
 #1: stderr all=off uptime,level,tags

Environment Variables:
JAVA_HOME=/usr/lib/jvm/java-1.11.0-openjdk-amd64
PATH=/usr/lib/jvm/java-1.11.0-openjdk-amd64/bin/usr/lib/jvm/java-1.11.0-openjdk-amd64/bin:/usr/local/sbin:/usr/local/bin:/usr/sbin:/usr/bin:/sbin:/bin:/usr/games:/usr/local/games:/snap/bin
LD_LIBRARY_PATH=.
SHELL=/bin/bash
DISPLAY=:0
LANG=en_ZA.UTF-8
TERM=xterm-256color

Signal Handlers:
SIGSEGV: [libjvm.so+0xeaead0], sa_mask[0]=11111111011111111101111111111110, sa_flags=SA_RESTART|SA_SIGINFO
SIGBUS: [libjvm.so+0xeaead0], sa_mask[0]=11111111011111111101111111111110, sa_flags=SA_RESTART|SA_SIGINFO
SIGFPE: [libjvm.so+0xeaead0], sa_mask[0]=11111111011111111101111111111110, sa_flags=SA_RESTART|SA_SIGINFO
SIGPIPE: [libjvm.so+0xbf1430], sa_mask[0]=11111111011111111101111111111110, sa_flags=SA_RESTART|SA_SIGINFO
SIGXFSZ: [libjvm.so+0xbf1430], sa_mask[0]=11111111011111111101111111111110, sa_flags=SA_RESTART|SA_SIGINFO
SIGILL: [libjvm.so+0xeaead0], sa_mask[0]=11111111011111111101111111111110, sa_flags=SA_RESTART|SA_SIGINFO
SIGUSR2: [libjvm.so+0xbf12d0], sa_mask[0]=00000000000000000000000000000000, sa_flags=SA_RESTART|SA_SIGINFO
SIGHUP: [libjvm.so+0xbf1a90], sa_mask[0]=11111111011111111101111111111110, sa_flags=SA_RESTART|SA_SIGINFO
SIGINT: [libjvm.so+0xbf1a90], sa_mask[0]=11111111011111111101111111111110, sa_flags=SA_RESTART|SA_SIGINFO
SIGTERM: [libjvm.so+0xbf1a90], sa_mask[0]=11111111011111111101111111111110, sa_flags=SA_RESTART|SA_SIGINFO
SIGQUIT: [libjvm.so+0xbf1a90], sa_mask[0]=11111111011111111101111111111110, sa_flags=SA_RESTART|SA_SIGINFO


---------------  S Y S T E M  ---------------

OS:DISTRIB_ID=LinuxMint
DISTRIB_RELEASE=21.3
DISTRIB_CODENAME=virginia
DISTRIB_DESCRIPTION="Linux Mint 21.3 Virginia"
uname:Linux 5.15.0-122-generic #132-Ubuntu SMP Thu Aug 29 13:45:52 UTC 2024 x86_64
OS uptime: 0 days 1:23 hours
libc:glibc 2.35 NPTL 2.35 
rlimit (soft/hard): STACK 8192k/infinity , CORE 0k/infinity , NPROC 62242/62242 , NOFILE 1048576/1048576 , AS infinity/infinity , CPU infinity/infinity , DATA infinity/infinity , FSIZE infinity/infinity , MEMLOCK 2013496k/2013496k
load average:3.08 2.38 2.14

/proc/meminfo:
MemTotal:       16107992 kB
MemFree:         8552888 kB
MemAvailable:   11619324 kB
Buffers:          142184 kB
Cached:          3592984 kB
SwapCached:            0 kB
Active:          1419864 kB
Inactive:        5087176 kB
Active(anon):       4280 kB
Inactive(anon):  3293760 kB
Active(file):    1415584 kB
Inactive(file):  1793416 kB
Unevictable:      485596 kB
Mlocked:              48 kB
SwapTotal:       8235004 kB
SwapFree:        8235004 kB
Dirty:              3688 kB
Writeback:             0 kB
AnonPages:       3257764 kB
Mapped:           842676 kB
Shmem:            526144 kB
KReclaimable:     198968 kB
Slab:             328660 kB
SReclaimable:     198968 kB
SUnreclaim:       129692 kB
KernelStack:       20096 kB
PageTables:        40924 kB
NFS_Unstable:          0 kB
Bounce:                0 kB
WritebackTmp:          0 kB
CommitLimit:    16289000 kB
Committed_AS:    9704432 kB
VmallocTotal:   34359738367 kB
VmallocUsed:       54484 kB
VmallocChunk:          0 kB
Percpu:            13760 kB
HardwareCorrupted:     0 kB
AnonHugePages:         0 kB
ShmemHugePages:        0 kB
ShmemPmdMapped:        0 kB
FileHugePages:         0 kB
FilePmdMapped:         0 kB
HugePages_Total:       0
HugePages_Free:        0
HugePages_Rsvd:        0
HugePages_Surp:        0
Hugepagesize:       2048 kB
Hugetlb:               0 kB
DirectMap4k:      419640 kB
DirectMap2M:     7704576 kB
DirectMap1G:     8388608 kB

/sys/kernel/mm/transparent_hugepage/enabled:
always [madvise] never
/sys/kernel/mm/transparent_hugepage/defrag (defrag/compaction efforts parameter):
always defer defer+madvise [madvise] never

Process Memory:
Virtual Size: 6788700K (peak: 15541352K)
Resident Set Size: 39084K (peak: 39084K) (anon: 13776K, file: 25308K, shmem: 0K)
Swapped out: 0K
C-Heap outstanding allocations: 29250K, retained: 1694K
glibc malloc tunables: (default)

/proc/sys/kernel/threads-max (system-wide limit on the number of threads):
124484
/proc/sys/vm/max_map_count (maximum number of memory map areas a process may have):
65530
/proc/sys/kernel/pid_max (system-wide limit on number of process identifiers):
4194304

container (cgroup) information:
container_type: cgroupv2
cpu_cpuset_cpus: not supported
cpu_memory_nodes: not supported
active_processor_count: 12
cpu_quota: not supported
cpu_period: not supported
cpu_shares: not supported
memory_limit_in_bytes: unlimited
memory_and_swap_limit_in_bytes: unlimited
memory_soft_limit_in_bytes: unlimited
memory_usage_in_bytes: 16996 k
memory_max_usage_in_bytes: not supported
memory_swap_current_in_bytes: unlimited
memory_swap_max_limit_in_bytes: unlimited
maximum number of tasks: 18672
current number of tasks: 18

Steal ticks since vm start: 0
Steal ticks percentage since vm start:  0.000

CPU:total 12 (initial active 12) (6 cores per cpu, 2 threads per core) family 6 model 151 stepping 2 microcode 0x36, cmov, cx8, fxsr, mmx, sse, sse2, sse3, ssse3, sse4.1, sse4.2, popcnt, avx, avx2, aes, clmul, erms, 3dnowpref, lzcnt, ht, tsc, tscinvbit, bmi1, bmi2, adx, sha, fma
CPU Model and flags from /proc/cpuinfo:
model name	: 12th Gen Intel(R) Core(TM) i5-12400
flags		: fpu vme de pse tsc msr pae mce cx8 apic sep mtrr pge mca cmov pat pse36 clflush dts acpi mmx fxsr sse sse2 ss ht tm pbe syscall nx pdpe1gb rdtscp lm constant_tsc art arch_perfmon pebs bts rep_good nopl xtopology nonstop_tsc cpuid aperfmperf tsc_known_freq pni pclmulqdq dtes64 monitor ds_cpl vmx est tm2 ssse3 sdbg fma cx16 xtpr pdcm pcid sse4_1 sse4_2 x2apic movbe popcnt tsc_deadline_timer aes xsave avx f16c rdrand lahf_lm abm 3dnowprefetch cpuid_fault epb invpcid_single ssbd ibrs ibpb stibp ibrs_enhanced tpr_shadow vnmi flexpriority ept vpid ept_ad fsgsbase tsc_adjust bmi1 avx2 smep bmi2 erms invpcid rdseed adx smap clflushopt clwb intel_pt sha_ni xsaveopt xsavec xgetbv1 xsaves split_lock_detect avx_vnni dtherm ida arat pln pts hwp hwp_notify hwp_act_window hwp_epp hwp_pkg_req umip pku ospke waitpkg gfni vaes vpclmulqdq rdpid movdiri movdir64b fsrm md_clear serialize arch_lbr flush_l1d arch_capabilities
Online cpus:
0-11
Offline cpus:

BIOS frequency limitation:
<Not Available>
Frequency switch latency (ns):
0
Available cpu frequencies:
<Not Available>
Current governor:
powersave
Core performance/turbo boost:
<Not Available>

Memory: 4k page, physical 16107992k(8552888k free), swap 8235004k(8235004k free)

vm_info: OpenJDK 64-Bit Server VM (11.0.24+8-post-Ubuntu-1ubuntu322.04) for linux-amd64 JRE (11.0.24+8-post-Ubuntu-1ubuntu322.04), built on Jul 21 2024 21:19:53 by "unknown" with gcc 11.4.0

END.
